e:\dev\halflife-updated-master\release\hldll\int\barnacle.obj
e:\dev\halflife-updated-master\release\hldll\int\defaultai.obj
e:\dev\halflife-updated-master\release\hldll\int\explode.obj
e:\dev\halflife-updated-master\release\hldll\int\gman.obj
e:\dev\halflife-updated-master\release\hldll\int\h_ai.obj
e:\dev\halflife-updated-master\release\hldll\int\lights.obj
e:\dev\halflife-updated-master\release\hldll\int\observer.obj
e:\dev\halflife-updated-master\release\hldll\int\roach.obj
e:\dev\halflife-updated-master\release\hldll\int\skill.obj
e:\dev\halflife-updated-master\release\hldll\int\tempmonster.obj
e:\dev\halflife-updated-master\release\hldll\int\usermessages.obj
e:\dev\halflife-updated-master\release\hldll\int\filesystem_utils.obj
e:\dev\halflife-updated-master\release\hldll\int\archer.obj
e:\dev\halflife-updated-master\release\hldll\int\combat.obj
e:\dev\halflife-updated-master\release\hldll\int\gargantua.obj
e:\dev\halflife-updated-master\release\hldll\int\hgrunt.obj
e:\dev\halflife-updated-master\release\hldll\int\items.obj
e:\dev\halflife-updated-master\release\hldll\int\nihilanth.obj
e:\dev\halflife-updated-master\release\hldll\int\rat.obj
e:\dev\halflife-updated-master\release\hldll\int\singleplay_gamerules.obj
e:\dev\halflife-updated-master\release\hldll\int\triggers.obj
e:\dev\halflife-updated-master\release\hldll\int\pm_debug.obj
e:\dev\halflife-updated-master\release\hldll\int\aflock.obj
e:\dev\halflife-updated-master\release\hldll\int\effects.obj
e:\dev\halflife-updated-master\release\hldll\int\ggrenade.obj
e:\dev\halflife-updated-master\release\hldll\int\hornet.obj
e:\dev\halflife-updated-master\release\hldll\int\leech.obj
e:\dev\halflife-updated-master\release\hldll\int\multiplay_gamerules.obj
e:\dev\halflife-updated-master\release\hldll\int\python.obj
e:\dev\halflife-updated-master\release\hldll\int\sound.obj
e:\dev\halflife-updated-master\release\hldll\int\weapons_shared.obj
e:\dev\halflife-updated-master\release\hldll\int\pm_math.obj
e:\dev\halflife-updated-master\release\hldll\int\bloater.obj
e:\dev\halflife-updated-master\release\hldll\int\bmodels.obj
e:\dev\halflife-updated-master\release\hldll\int\func_tank.obj
e:\dev\halflife-updated-master\release\hldll\int\headcrab.obj
e:\dev\halflife-updated-master\release\hldll\int\houndeye.obj
e:\dev\halflife-updated-master\release\hldll\int\monsters.obj
e:\dev\halflife-updated-master\release\hldll\int\plane.obj
e:\dev\halflife-updated-master\release\hldll\int\satchel.obj
e:\dev\halflife-updated-master\release\hldll\int\soundent.obj
e:\dev\halflife-updated-master\release\hldll\int\turret.obj
e:\dev\halflife-updated-master\release\hldll\int\voice_gamemgr.obj
e:\dev\halflife-updated-master\release\hldll\int\mathlib.obj
e:\dev\halflife-updated-master\release\hldll\int\doors.obj
e:\dev\halflife-updated-master\release\hldll\int\game.obj
e:\dev\halflife-updated-master\release\hldll\int\kingpin.obj
e:\dev\halflife-updated-master\release\hldll\int\nodes.obj
e:\dev\halflife-updated-master\release\hldll\int\teamplay_gamerules.obj
e:\dev\halflife-updated-master\release\hldll\int\glock.obj
e:\dev\halflife-updated-master\release\hldll\int\bigmomma.obj
e:\dev\halflife-updated-master\release\hldll\int\crowbar.obj
e:\dev\halflife-updated-master\release\hldll\int\flyingmonster.obj
e:\dev\halflife-updated-master\release\hldll\int\mon_gonome.obj
e:\dev\halflife-updated-master\release\hldll\int\hornetgun.obj
e:\dev\halflife-updated-master\release\hldll\int\maprules.obj
e:\dev\halflife-updated-master\release\hldll\int\pitdrone.obj
e:\dev\halflife-updated-master\release\hldll\int\shocktrooper.obj
e:\dev\halflife-updated-master\release\hldll\int\subs.obj
e:\dev\halflife-updated-master\release\hldll\int\world.obj
e:\dev\halflife-updated-master\release\hldll\int\agrunt.obj
e:\dev\halflife-updated-master\release\hldll\int\controller.obj
e:\dev\halflife-updated-master\release\hldll\int\genericmonster.obj
e:\dev\halflife-updated-master\release\hldll\int\handgrenade.obj
e:\dev\halflife-updated-master\release\hldll\int\h_battery.obj
e:\dev\halflife-updated-master\release\hldll\int\m16.obj
e:\dev\halflife-updated-master\release\hldll\int\otis.obj
e:\dev\halflife-updated-master\release\hldll\int\scripted.obj
e:\dev\halflife-updated-master\release\hldll\int\stukabat.obj
e:\dev\halflife-updated-master\release\hldll\int\weapons.obj
e:\dev\halflife-updated-master\release\hldll\int\barney.obj
e:\dev\halflife-updated-master\release\hldll\int\buttons.obj
e:\dev\halflife-updated-master\release\hldll\int\gauss.obj
e:\dev\halflife-updated-master\release\hldll\int\healthkit.obj
e:\dev\halflife-updated-master\release\hldll\int\islave.obj
e:\dev\halflife-updated-master\release\hldll\int\mp5.obj
e:\dev\halflife-updated-master\release\hldll\int\player.obj
e:\dev\halflife-updated-master\release\hldll\int\tentacle.obj
e:\dev\halflife-updated-master\release\hldll\int\pm_shared.obj
e:\dev\halflife-updated-master\release\hldll\int\apache.obj
e:\dev\halflife-updated-master\release\hldll\int\bullsquid.obj
e:\dev\halflife-updated-master\release\hldll\int\gamerules.obj
e:\dev\halflife-updated-master\release\hldll\int\hassassin.obj
e:\dev\halflife-updated-master\release\hldll\int\h_export.obj
e:\dev\halflife-updated-master\release\hldll\int\monstermaker.obj
e:\dev\halflife-updated-master\release\hldll\int\osprey.obj
e:\dev\halflife-updated-master\release\hldll\int\rpg.obj
e:\dev\halflife-updated-master\release\hldll\int\spectator.obj
e:\dev\halflife-updated-master\release\hldll\int\tripmine.obj
e:\dev\halflife-updated-master\release\hldll\int\zombie.obj
e:\dev\halflife-updated-master\release\hldll\int\animating.obj
e:\dev\halflife-updated-master\release\hldll\int\crossbow.obj
e:\dev\halflife-updated-master\release\hldll\int\func_break.obj
e:\dev\halflife-updated-master\release\hldll\int\nam_charley.obj
e:\dev\halflife-updated-master\release\hldll\int\h_cine.obj
e:\dev\halflife-updated-master\release\hldll\int\male_assassin.obj
e:\dev\halflife-updated-master\release\hldll\int\pathcorner.obj
e:\dev\halflife-updated-master\release\hldll\int\schedule.obj
e:\dev\halflife-updated-master\release\hldll\int\squadmonster.obj
e:\dev\halflife-updated-master\release\hldll\int\util.obj
e:\dev\halflife-updated-master\release\hldll\int\airtank.obj
e:\dev\halflife-updated-master\release\hldll\int\client.obj
e:\dev\halflife-updated-master\release\hldll\int\ichthyosaur.obj
e:\dev\halflife-updated-master\release\hldll\int\mortar.obj
e:\dev\halflife-updated-master\release\hldll\int\plats.obj
e:\dev\halflife-updated-master\release\hldll\int\shotgun.obj
e:\dev\halflife-updated-master\release\hldll\int\talkmonster.obj
e:\dev\halflife-updated-master\release\hldll\int\xen.obj
e:\dev\halflife-updated-master\release\hldll\int\animation.obj
e:\dev\halflife-updated-master\release\hldll\int\cbase.obj
e:\dev\halflife-updated-master\release\hldll\int\egon.obj
e:\dev\halflife-updated-master\release\hldll\int\hassault.obj
e:\dev\halflife-updated-master\release\hldll\int\h_cycler.obj
e:\dev\halflife-updated-master\release\hldll\int\monsterstate.obj
e:\dev\halflife-updated-master\release\hldll\int\panthereye.obj
e:\dev\halflife-updated-master\release\hldll\int\scientist.obj
e:\dev\halflife-updated-master\release\hldll\int\squeakgrenade.obj
e:\dev\halflife-updated-master\release\hldll\int\voltigore.obj
e:\dev\halflife-updated-master\release\hldll\int\interface.obj
e:\dev\halflife-updated-master\release\hldll\int\vc141.pdb
d:\steam\steamapps\common\half-life\reprocessing\dlls\hl.lib
d:\steam\steamapps\common\half-life\reprocessing\dlls\hl.exp
d:\steam\steamapps\common\half-life\reprocessing\dlls\hl.ipdb
d:\steam\steamapps\common\half-life\reprocessing\dlls\hl.iobj
d:\steam\steamapps\common\half-life\reprocessing\dlls\hl.dll
d:\steam\steamapps\common\half-life\reprocessing\dlls\hl.pdb
e:\dev\halflife-updated-master\release\hldll\int\hldll.tlog\cl.command.1.tlog
e:\dev\halflife-updated-master\release\hldll\int\hldll.tlog\cl.read.1.tlog
e:\dev\halflife-updated-master\release\hldll\int\hldll.tlog\cl.write.1.tlog
e:\dev\halflife-updated-master\release\hldll\int\hldll.tlog\hldll.write.1u.tlog
e:\dev\halflife-updated-master\release\hldll\int\hldll.tlog\link.command.1.tlog
e:\dev\halflife-updated-master\release\hldll\int\hldll.tlog\link.delete.1.tlog
e:\dev\halflife-updated-master\release\hldll\int\hldll.tlog\link.read.1.tlog
e:\dev\halflife-updated-master\release\hldll\int\hldll.tlog\link.write.1.tlog
