C:\Program Files (x86)\Microsoft Visual Studio\2017\Professional\Common7\IDE\VC\VCTargets\Microsoft.CppBuild.targets(377,5): warning MSB8004: каталог Output заканчивается не косой чертой.  Этот экземпляр сборки добавит косую черту, поскольку она необходима для правильного определения каталога Output.
  mathlib.cpp
  aflock.cpp
  agrunt.cpp
  airtank.cpp
  animating.cpp
  animation.cpp
  apache.cpp
  archer.cpp
  barnacle.cpp
  barney.cpp
  bigmomma.cpp
  bloater.cpp
  bmodels.cpp
  bullsquid.cpp
  buttons.cpp
  cbase.cpp
  client.cpp
  combat.cpp
  controller.cpp
  crossbow.cpp
  crowbar.cpp
  defaultai.cpp
  doors.cpp
  effects.cpp
  egon.cpp
  explode.cpp
  flyingmonster.cpp
  func_break.cpp
  func_tank.cpp
  game.cpp
  gamerules.cpp
  gargantua.cpp
  gauss.cpp
  genericmonster.cpp
  ggrenade.cpp
  gman.cpp
  mon_gonome.cpp
  nam_charley.cpp
  handgrenade.cpp
  hassassin.cpp
  hassault.cpp
  headcrab.cpp
  healthkit.cpp
  hgrunt.cpp
  hornet.cpp
  hornetgun.cpp
  houndeye.cpp
  h_ai.cpp
  h_battery.cpp
  h_cine.cpp
  h_cycler.cpp
  h_export.cpp
  ichthyosaur.cpp
  islave.cpp
  items.cpp
  kingpin.cpp
  leech.cpp
  lights.cpp
  m16.cpp
  male_assassin.cpp
  maprules.cpp
  monstermaker.cpp
  monsters.cpp
  monsterstate.cpp
  mortar.cpp
  mp5.cpp
  multiplay_gamerules.cpp
  nihilanth.cpp
  nodes.cpp
  observer.cpp
  osprey.cpp
  otis.cpp
  panthereye.cpp
  pathcorner.cpp
  pitdrone.cpp
  plane.cpp
  plats.cpp
  player.cpp
  python.cpp
  rat.cpp
  roach.cpp
  rpg.cpp
  satchel.cpp
  schedule.cpp
  scientist.cpp
  scripted.cpp
  shocktrooper.cpp
  shotgun.cpp
  singleplay_gamerules.cpp
  skill.cpp
  sound.cpp
  soundent.cpp
  spectator.cpp
  squadmonster.cpp
  squeakgrenade.cpp
  stukabat.cpp
  subs.cpp
  talkmonster.cpp
  teamplay_gamerules.cpp
  tempmonster.cpp
  tentacle.cpp
  triggers.cpp
  tripmine.cpp
  turret.cpp
  UserMessages.cpp
  util.cpp
f:\dev\halflife-updated-master\dlls\stukabat.cpp(698): warning C4834: отмена возвращаемого значения функции с атрибутом "nodiscard"
  voltigore.cpp
  weapons.cpp
  weapons_shared.cpp
  world.cpp
  glock.cpp
  xen.cpp
  zombie.cpp
  filesystem_utils.cpp
  voice_gamemgr.cpp
  pm_debug.cpp
  pm_math.cpp
  pm_shared.cpp
  interface.cpp
     Создается библиотека E:\steam\steamapps\common\Half-Life\Reprocessing\dlls\hl.lib и объект E:\steam\steamapps\common\Half-Life\Reprocessing\dlls\hl.exp
  Создание кода
  All 5706 functions were compiled because no usable IPDB/IOBJ from previous compilation was found.
  Создание кода завершено
  hldll.vcxproj -> E:\steam\steamapps\common\Half-Life\Reprocessing\dlls\hl.dll
  Installing server files
  Installing "C:/Program Files (x86)/Steam/steamapps/common/Half-Life/halflife_updated/dlls/hl.dll"
  Installing "C:/Program Files (x86)/Steam/steamapps/common/Half-Life/halflife_updated/dlls/hl.pdb"
  Installing "C:/Program Files (x86)/Steam/steamapps/common/Half-Life/halflife_updated/delta.lst"
