D:\progs\msvs\Common7\IDE\VC\VCTargets\Microsoft.CppBuild.targets(377,5): warning MSB8004: каталог Output заканчивается не косой чертой.  Этот экземпляр сборки добавит косую черту, поскольку она необходима для правильного определения каталога Output.
  ammo.cpp
  ammohistory.cpp
  ammo_secondary.cpp
  battery.cpp
  cdll_int.cpp
  com_weapons.cpp
  death.cpp
  demo.cpp
  entity.cpp
  events.cpp
  ev_common.cpp
  ev_hldm.cpp
e:\dev\halflife-updated-master\cl_dll\ev_hldm.cpp(558): warning C4101: j: неиспользованная локальная переменная
  flashlight.cpp
  GameStudioModelRenderer.cpp
  geiger.cpp
  health.cpp
  hl_baseentity.cpp
  hl_events.cpp
  hl_objects.cpp
  hl_weapons.cpp
  hud.cpp
  hud_msg.cpp
  hud_redraw.cpp
  hud_spectator.cpp
  hud_update.cpp
  input.cpp
  inputw32.cpp
  interpolation.cpp
  in_camera.cpp
  Kingpin.cpp
  menu.cpp
  message.cpp
  mp3.cpp
  CBaseParticle.cpp
  CMiniMem.cpp
  CFrustum.cpp
  IParticleMan_Active.cpp
  saytext.cpp
  statusbar.cpp
  status_icons.cpp
  StudioModelRenderer.cpp
  studio_util.cpp
  text_message.cpp
  train.cpp
  tri.cpp
  util.cpp
  vgui_ClassMenu.cpp
  vgui_CustomObjects.cpp
  vgui_int.cpp
  vgui_MOTDWindow.cpp
  vgui_SchemeManager.cpp
  vgui_ScorePanel.cpp
  vgui_SpectatorPanel.cpp
  vgui_subtitles.cpp
  vgui_TeamFortressViewport.cpp
  vgui_teammenu.cpp
  view.cpp
  voice_status.cpp
  zoom.cpp
  mathlib.cpp
  parsemsg.cpp
  crossbow.cpp
  crowbar.cpp
  egon.cpp
  gauss.cpp
  handgrenade.cpp
  hornetgun.cpp
  m16.cpp
  mp5.cpp
  python.cpp
  rpg.cpp
  satchel.cpp
  shotgun.cpp
  squeakgrenade.cpp
  tripmine.cpp
  weapons_shared.cpp
  glock.cpp
  filesystem_utils.cpp
  vgui_loadtga.cpp
  pm_debug.cpp
  pm_math.cpp
  pm_shared.cpp
     Создается библиотека D:\steam\steamapps\common\Half-Life\Reprocessing\cl_dlls\client.lib и объект D:\steam\steamapps\common\Half-Life\Reprocessing\cl_dlls\client.exp
  hl_cdll.vcxproj -> D:\steam\steamapps\common\Half-Life\Reprocessing\cl_dlls\client.dll
  Installing client files
  Installing "C:/Program Files (x86)/Steam/steamapps/common/Half-Life/halflife_updated/cl_dlls/client.dll"
  Installing "C:/Program Files (x86)/Steam/steamapps/common/Half-Life/halflife_updated/cl_dlls/client.pdb"
  Installing "C:/Program Files (x86)/Steam/steamapps/common/Half-Life/halflife_updated/delta.lst"
